0 info it worked if it ends with ok
1 verbose cli [ '/usr/local/Cellar/node/6.2.1/bin/node',
1 verbose cli   '/usr/local/bin/npm',
1 verbose cli   'run',
1 verbose cli   'dev' ]
2 info using npm@4.1.1
3 info using node@v6.2.1
4 verbose run-script [ 'predev', 'dev', 'postdev' ]
5 info lifecycle wepy-app@0.0.2~predev: wepy-app@0.0.2
6 silly lifecycle wepy-app@0.0.2~predev: no script for predev, continuing
7 info lifecycle wepy-app@0.0.2~dev: wepy-app@0.0.2
8 verbose lifecycle wepy-app@0.0.2~dev: unsafe-perm in lifecycle true
9 verbose lifecycle wepy-app@0.0.2~dev: PATH: /usr/local/lib/node_modules/npm/bin/node-gyp-bin:/Users/mac/Desktop/wepy-app/node_modules/.bin:/Library/Frameworks/Python.framework/Versions/3.6/bin:/usr/bin:/bin:/usr/sbin:/sbin:/usr/local/bin
10 verbose lifecycle wepy-app@0.0.2~dev: CWD: /Users/mac/Desktop/wepy-app
11 silly lifecycle wepy-app@0.0.2~dev: Args: [ '-c', 'wepy build --watch' ]
12 silly lifecycle wepy-app@0.0.2~dev: Returned: code: 1  signal: null
13 info lifecycle wepy-app@0.0.2~dev: Failed to exec dev script
14 verbose stack Error: wepy-app@0.0.2 dev: `wepy build --watch`
14 verbose stack Exit status 1
14 verbose stack     at EventEmitter.<anonymous> (/usr/local/lib/node_modules/npm/lib/utils/lifecycle.js:279:16)
14 verbose stack     at emitTwo (events.js:106:13)
14 verbose stack     at EventEmitter.emit (events.js:191:7)
14 verbose stack     at ChildProcess.<anonymous> (/usr/local/lib/node_modules/npm/lib/utils/spawn.js:40:14)
14 verbose stack     at emitTwo (events.js:106:13)
14 verbose stack     at ChildProcess.emit (events.js:191:7)
14 verbose stack     at maybeClose (internal/child_process.js:852:16)
14 verbose stack     at Process.ChildProcess._handle.onexit (internal/child_process.js:215:5)
15 verbose pkgid wepy-app@0.0.2
16 verbose cwd /Users/mac/Desktop/wepy-app
17 error Darwin 16.0.0
18 error argv "/usr/local/Cellar/node/6.2.1/bin/node" "/usr/local/bin/npm" "run" "dev"
19 error node v6.2.1
20 error npm  v4.1.1
21 error code ELIFECYCLE
22 error wepy-app@0.0.2 dev: `wepy build --watch`
22 error Exit status 1
23 error Failed at the wepy-app@0.0.2 dev script 'wepy build --watch'.
23 error Make sure you have the latest version of node.js and npm installed.
23 error If you do, this is most likely a problem with the wepy-app package,
23 error not with npm itself.
23 error Tell the author that this fails on your system:
23 error     wepy build --watch
23 error You can get information on how to open an issue for this project with:
23 error     npm bugs wepy-app
23 error Or if that isn't available, you can get their info via:
23 error     npm owner ls wepy-app
23 error There is likely additional logging output above.
24 verbose exit [ 1, true ]
